0 info it worked if it ends with ok
1 verbose cli [ '/Users/gergobarcza/.nvm/versions/node/v6.8.0/bin/node',
1 verbose cli   '/Users/gergobarcza/.nvm/versions/node/v6.8.0/bin/npm',
1 verbose cli   'run',
1 verbose cli   'test-pretty' ]
2 info using npm@3.10.8
3 info using node@v6.8.0
4 verbose run-script [ 'pretest-pretty', 'test-pretty', 'posttest-pretty' ]
5 info lifecycle poker-player-javascript@0.0.2~pretest-pretty: poker-player-javascript@0.0.2
6 silly lifecycle poker-player-javascript@0.0.2~pretest-pretty: no script for pretest-pretty, continuing
7 info lifecycle poker-player-javascript@0.0.2~test-pretty: poker-player-javascript@0.0.2
8 verbose lifecycle poker-player-javascript@0.0.2~test-pretty: unsafe-perm in lifecycle true
9 verbose lifecycle poker-player-javascript@0.0.2~test-pretty: PATH: /Users/gergobarcza/.nvm/versions/node/v6.8.0/lib/node_modules/npm/bin/node-gyp-bin:/Users/gergobarcza/Projects/lean-poker/poker-player-peaceful-poker-players/node_modules/.bin:/usr/local/sbin:/Users/gergobarcza/.nvm/versions/node/v6.8.0/bin:/Users/gergobarcza/.yarn/bin:/usr/local/bin:/usr/local/bin:/usr/bin:/bin:/usr/sbin:/sbin:/opt/X11/bin:/Users/gergobarcza/golang/bin:/usr/local/opt/go/libexec/bin
10 verbose lifecycle poker-player-javascript@0.0.2~test-pretty: CWD: /Users/gergobarcza/Projects/lean-poker/poker-player-peaceful-poker-players
11 silly lifecycle poker-player-javascript@0.0.2~test-pretty: Args: [ '-c', 'node test.js | tap-spec' ]
12 silly lifecycle poker-player-javascript@0.0.2~test-pretty: Returned: code: 1  signal: null
13 info lifecycle poker-player-javascript@0.0.2~test-pretty: Failed to exec test-pretty script
14 verbose stack Error: poker-player-javascript@0.0.2 test-pretty: `node test.js | tap-spec`
14 verbose stack Exit status 1
14 verbose stack     at EventEmitter.<anonymous> (/Users/gergobarcza/.nvm/versions/node/v6.8.0/lib/node_modules/npm/lib/utils/lifecycle.js:255:16)
14 verbose stack     at emitTwo (events.js:106:13)
14 verbose stack     at EventEmitter.emit (events.js:191:7)
14 verbose stack     at ChildProcess.<anonymous> (/Users/gergobarcza/.nvm/versions/node/v6.8.0/lib/node_modules/npm/lib/utils/spawn.js:40:14)
14 verbose stack     at emitTwo (events.js:106:13)
14 verbose stack     at ChildProcess.emit (events.js:191:7)
14 verbose stack     at maybeClose (internal/child_process.js:877:16)
14 verbose stack     at Process.ChildProcess._handle.onexit (internal/child_process.js:226:5)
15 verbose pkgid poker-player-javascript@0.0.2
16 verbose cwd /Users/gergobarcza/Projects/lean-poker/poker-player-peaceful-poker-players
17 error Darwin 16.3.0
18 error argv "/Users/gergobarcza/.nvm/versions/node/v6.8.0/bin/node" "/Users/gergobarcza/.nvm/versions/node/v6.8.0/bin/npm" "run" "test-pretty"
19 error node v6.8.0
20 error npm  v3.10.8
21 error code ELIFECYCLE
22 error poker-player-javascript@0.0.2 test-pretty: `node test.js | tap-spec`
22 error Exit status 1
23 error Failed at the poker-player-javascript@0.0.2 test-pretty script 'node test.js | tap-spec'.
23 error Make sure you have the latest version of node.js and npm installed.
23 error If you do, this is most likely a problem with the poker-player-javascript package,
23 error not with npm itself.
23 error Tell the author that this fails on your system:
23 error     node test.js | tap-spec
23 error You can get information on how to open an issue for this project with:
23 error     npm bugs poker-player-javascript
23 error Or if that isn't available, you can get their info via:
23 error     npm owner ls poker-player-javascript
23 error There is likely additional logging output above.
24 verbose exit [ 1, true ]
